{"/home/igorkoloski/Desktop/JsCapstone/RestorauntApi/src/modules/commentsCounter.js": {"path":"/home/igorkoloski/Desktop/JsCapstone/RestorauntApi/src/modules/commentsCounter.js","statementMap":{"0":{"start":{"line":1,"column":24},"end":{"line":1,"column":53}},"1":{"start":{"line":1,"column":38},"end":{"line":1,"column":53}}},"fnMap":{"0":{"name":"(anonymous_0)","decl":{"start":{"line":1,"column":24},"end":{"line":1,"column":25}},"loc":{"start":{"line":1,"column":38},"end":{"line":1,"column":53}},"line":1}},"branchMap":{},"s":{"0":1,"1":3},"f":{"0":3},"b":{},"_coverageSchema":"1a1c01bbd47fc00a2c39e90264f33305004495a9","hash":"c7fa0895da5995d169d6378677e88b5d3c549e23"}
}
